<?xml version="1.0" encoding="UTF-8"?>
<!-- Generated by org.testng.reporters.JUnitReportReporter -->
<testsuite skipped="0" hostname="LAPTOP-GI42MEQD" name="com.wipro.tests.VerifyHyperLinks" tests="8" failures="0" timestamp="26 Oct 2020 09:36:46 GMT" time="381.426" errors="0">
  <testcase name="openSearchPage" time="0.008" classname="com.wipro.tests.VerifyHyperLinks"/>
  <testcase name="openSearchPage" time="0.016" classname="com.wipro.tests.VerifyHyperLinks"/>
  <testcase name="searchIndia" time="2.605" classname="com.wipro.tests.VerifyHyperLinks"/>
  <testcase name="searchIndia" time="1.839" classname="com.wipro.tests.VerifyHyperLinks"/>
  <testcase name="countHyperLinksDisplayed" time="0.056" classname="com.wipro.tests.VerifyHyperLinks"/>
  <testcase name="countHyperLinksDisplayed" time="0.080" classname="com.wipro.tests.VerifyHyperLinks"/>
  <testcase name="verifyNoBrokenLinks" time="195.089" classname="com.wipro.tests.VerifyHyperLinks"/>
  <testcase name="verifyNoBrokenLinks" time="181.733" classname="com.wipro.tests.VerifyHyperLinks"/>
</testsuite> <!-- com.wipro.tests.VerifyHyperLinks -->
